15:4: not a valid test operator:  
15:4: not a valid test operator: 12.4
21:4: not a valid test operator: (
21:4: not a valid test operator: 535.129.03
Generating image samples for FID evaluation.:   0%|          | 0/378 [00:00<?, ?it/s]Generating image samples for FID evaluation.:   0%|          | 0/378 [00:00<?, ?it/s]
[rank0]: Traceback (most recent call last):
[rank0]:   File "/oscar/scratch/mxiangxi/CSCI1430-Final-Project-MedImage-Segmentation/segdiff/val_isic.py", line 92, in <module>
[rank0]:     main()
[rank0]:   File "/oscar/scratch/mxiangxi/CSCI1430-Final-Project-MedImage-Segmentation/segdiff/val_isic.py", line 70, in main
[rank0]:     sampling_major_vote_func(diffusion, model, str(logs_path / "major_vote"), test_dataset, logger, args.clip_denoised,
[rank0]:   File "/oscar/scratch/mxiangxi/CSCI1430-Final-Project-MedImage-Segmentation/segdiff/improved_diffusion/sampling_util.py", line 70, in sampling_major_vote_func
[rank0]:     condition_on = round(condition_on["conditioned_image"] * 255)
[rank0]: TypeError: type Tensor doesn't define __round__ method
srun: error: gpu2108: task 0: Exited with exit code 1
